<?xml version="1.0" encoding="UTF-8"?>
<testsuite xmlns:xsi="http://www.w3.org/2001/XMLSchema-instance" xsi:noNamespaceSchemaLocation="https://maven.apache.org/surefire/maven-surefire-plugin/xsd/surefire-test-report.xsd" name="com.example.eventmanager.EventControllerTest" time="3.167" tests="2" errors="0" skipped="0" failures="0">
  <properties>
[...]
</properties>
  <testcase name="listEvents_returnsOk" classname="com.example.eventmanager.EventControllerTest" time="0.197"/>
  <testcase name="subscribe_returnsOk" classname="com.example.eventmanager.EventControllerTest" time="0.032"/>
</testsuite>